OpenJDK Runtime Environment (IcedTea6 1.10.1) (6b22-1.10.1-0ubuntu1)
OpenJDK Client VM (build 20.0-b11, mixed mode, sharing)
WARNING: You are launching IDE using OpenJDK Java runtime

THIS IS STRICTLY UNSUPPORTED DUE TO KNOWN PERFORMANCE AND GRAPHICS PROBLEMS

NOTE: If you have both Sun JDK and OpenJDK installed
please validate either PYCHARM_JDK or JDK_HOME environment variable points to valid Sun JDK installation

Press Enter to continue.
OpenJDK Runtime Environment (IcedTea6 1.10.1) (6b22-1.10.1-0ubuntu1)
OpenJDK Client VM (build 20.0-b11, mixed mode, sharing)
WARNING: You are launching IDE using OpenJDK Java runtime

THIS IS STRICTLY UNSUPPORTED DUE TO KNOWN PERFORMANCE AND GRAPHICS PROBLEMS

NOTE: If you have both Sun JDK and OpenJDK installed
please validate either PYCHARM_JDK or JDK_HOME environment variable points to valid Sun JDK installation

Press Enter to continue.
OpenJDK Runtime Environment (IcedTea6 1.10.1) (6b22-1.10.1-0ubuntu1)
OpenJDK Client VM (build 20.0-b11, mixed mode, sharing)
WARNING: You are launching IDE using OpenJDK Java runtime

THIS IS STRICTLY UNSUPPORTED DUE TO KNOWN PERFORMANCE AND GRAPHICS PROBLEMS

NOTE: If you have both Sun JDK and OpenJDK installed
please validate either PYCHARM_JDK or JDK_HOME environment variable points to valid Sun JDK installation

Press Enter to continue.
OpenJDK Runtime Environment (IcedTea6 1.10.1) (6b22-1.10.1-0ubuntu1)
OpenJDK Client VM (build 20.0-b11, mixed mode, sharing)
WARNING: You are launching IDE using OpenJDK Java runtime

THIS IS STRICTLY UNSUPPORTED DUE TO KNOWN PERFORMANCE AND GRAPHICS PROBLEMS

NOTE: If you have both Sun JDK and OpenJDK installed
please validate either PYCHARM_JDK or JDK_HOME environment variable points to valid Sun JDK installation

Press Enter to continue.
[ 656966]  ERROR -   #com.intellij.util.ui.UIUtil - null 
java.lang.InterruptedException
	at java.lang.Object.wait(Native Method)
	at java.lang.Object.wait(Object.java:502)
	at java.awt.EventQueue.invokeAndWait(EventQueue.java:1040)
	at javax.swing.SwingUtilities.invokeAndWait(SwingUtilities.java:1347)
	at com.intellij.util.ui.UIUtil.invokeAndWaitIfNeeded(UIUtil.java:1414)
	at com.intellij.openapi.project.DumbServiceImpl$IndexUpdateRunnable$1$1.finish(DumbServiceImpl.java:303)
	at com.intellij.openapi.progress.util.ProgressIndicatorBase$11.execute(ProgressIndicatorBase.java:190)
	at com.intellij.openapi.progress.util.ProgressIndicatorBase.c(ProgressIndicatorBase.java:363)
	at com.intellij.openapi.progress.util.ProgressIndicatorBase.b(ProgressIndicatorBase.java:355)
	at com.intellij.openapi.progress.util.ProgressIndicatorBase.finish(ProgressIndicatorBase.java:188)
	at com.intellij.openapi.progress.impl.ProgressManagerImpl$TaskRunnable.run(ProgressManagerImpl.java:478)
	at com.intellij.openapi.progress.impl.ProgressManagerImpl$2.run(ProgressManagerImpl.java:205)
	at com.intellij.openapi.progress.impl.ProgressManagerImpl.executeProcessUnderProgress(ProgressManagerImpl.java:233)
	at com.intellij.openapi.progress.impl.ProgressManagerImpl.runProcess(ProgressManagerImpl.java:196)
	at com.intellij.openapi.progress.impl.ProgressManagerImpl$6.run(ProgressManagerImpl.java:353)
	at com.intellij.openapi.application.impl.ApplicationImpl$6.run(ApplicationImpl.java:383)
	at java.util.concurrent.Executors$RunnableAdapter.call(Executors.java:471)
	at java.util.concurrent.FutureTask$Sync.innerRun(FutureTask.java:334)
	at java.util.concurrent.FutureTask.run(FutureTask.java:166)
	at java.util.concurrent.ThreadPoolExecutor.runWorker(ThreadPoolExecutor.java:1110)
	at java.util.concurrent.ThreadPoolExecutor$Worker.run(ThreadPoolExecutor.java:603)
	at java.lang.Thread.run(Thread.java:679)
	at com.intellij.openapi.application.impl.ApplicationImpl$1$1.run(ApplicationImpl.java:131)
[ 656980]  ERROR -   #com.intellij.util.ui.UIUtil - JDK: 1.6.0_22 
[ 656980]  ERROR -   #com.intellij.util.ui.UIUtil - VM: OpenJDK Client VM 
[ 656981]  ERROR -   #com.intellij.util.ui.UIUtil - Vendor: Sun Microsystems Inc. 
[ 656981]  ERROR -   #com.intellij.util.ui.UIUtil - OS: Linux 
OpenJDK Runtime Environment (IcedTea6 1.10.1) (6b22-1.10.1-0ubuntu1)
OpenJDK Client VM (build 20.0-b11, mixed mode, sharing)
WARNING: You are launching IDE using OpenJDK Java runtime

THIS IS STRICTLY UNSUPPORTED DUE TO KNOWN PERFORMANCE AND GRAPHICS PROBLEMS

NOTE: If you have both Sun JDK and OpenJDK installed
please validate either PYCHARM_JDK or JDK_HOME environment variable points to valid Sun JDK installation

Press Enter to continue.
Killed
